CactusFight/Library/Bee/Android/Prj/Mono2x/Gradle/launcher/build/intermediates/manifest_merge_blame_file/release/manifest-merger-blame-release-report.txt
1<?xml version="1.0" encoding="utf-8"?>
2<manifest xmlns:android="http://schemas.android.com/apk/res/android"
3    package="com.DefaultCompany.CactusFight"
4    android:installLocation="preferExternal"
5    android:versionCode="1"
6    android:versionName="0.1" >
7
8    <uses-sdk
9        android:minSdkVersion="22"
9-->src\main\AndroidManifest.xml
10        android:targetSdkVersion="30" />
10-->src\main\AndroidManifest.xml
11
12    <supports-screens
12-->src\main\AndroidManifest.xml:3:3-163
13        android:anyDensity="true"
13-->src\main\AndroidManifest.xml:3:135-160
14        android:largeScreens="true"
14-->src\main\AndroidManifest.xml:3:78-105
15        android:normalScreens="true"
15-->src\main\AndroidManifest.xml:3:49-77
16        android:smallScreens="true"
16-->src\main\AndroidManifest.xml:3:21-48
17        android:xlargeScreens="true" />
17-->src\main\AndroidManifest.xml:3:106-134
18
19    <uses-feature android:glEsVersion="0x00030000" />
19-->[:unityLibrary] AndroidManifest.xml:12:5-54
19-->[:unityLibrary] AndroidManifest.xml:12:19-51
20    <uses-feature
20-->[:unityLibrary] AndroidManifest.xml:13:5-15:36
21        android:name="android.hardware.vulkan.version"
21-->[:unityLibrary] AndroidManifest.xml:14:9-55
22        android:required="false" />
22-->[:unityLibrary] AndroidManifest.xml:15:9-33
23
24    <uses-permission android:name="android.permission.CAMERA" />
24-->[:unityLibrary] AndroidManifest.xml:17:5-65
24-->[:unityLibrary] AndroidManifest.xml:17:22-62
25
26    <uses-feature
26-->[:unityLibrary] AndroidManifest.xml:19:5-21:36
27        android:name="android.hardware.camera"
27-->[:unityLibrary] AndroidManifest.xml:20:9-47
28        android:required="true" />
28-->[:unityLibrary] AndroidManifest.xml:21:9-33
29    <uses-feature
29-->[:unityLibrary] AndroidManifest.xml:22:5-24:36
30        android:name="android.hardware.camera.autofocus"
30-->[:unityLibrary] AndroidManifest.xml:23:9-57
31        android:required="false" />
31-->[:unityLibrary] AndroidManifest.xml:24:9-33
32    <uses-feature
32-->[:unityLibrary] AndroidManifest.xml:25:5-27:36
33        android:name="android.hardware.camera.front"
33-->[:unityLibrary] AndroidManifest.xml:26:9-53
34        android:required="false" />
34-->[:unityLibrary] AndroidManifest.xml:27:9-33
35    <uses-feature
35-->[:unityLibrary] AndroidManifest.xml:28:5-30:36
36        android:name="android.hardware.touchscreen"
36-->[:unityLibrary] AndroidManifest.xml:29:9-52
37        android:required="false" />
37-->[:unityLibrary] AndroidManifest.xml:30:9-33
38    <uses-feature
38-->[:unityLibrary] AndroidManifest.xml:31:5-33:36
39        android:name="android.hardware.touchscreen.multitouch"
39-->[:unityLibrary] AndroidManifest.xml:32:9-63
40        android:required="false" />
40-->[:unityLibrary] AndroidManifest.xml:33:9-33
41    <uses-feature
41-->[:unityLibrary] AndroidManifest.xml:34:5-36:36
42        android:name="android.hardware.touchscreen.multitouch.distinct"
42-->[:unityLibrary] AndroidManifest.xml:35:9-72
43        android:required="false" />
43-->[:unityLibrary] AndroidManifest.xml:36:9-33
44
45    <uses-permission android:name="android.permission.INTERNET" />
45-->[:VuforiaWrapper:] AndroidManifest.xml:11:5-67
45-->[:VuforiaWrapper:] AndroidManifest.xml:11:22-64
46    <uses-permission android:name="android.permission.ACCESS_NETWORK_STATE" />
46-->[:VuforiaWrapper:] AndroidManifest.xml:13:5-79
46-->[:VuforiaWrapper:] AndroidManifest.xml:13:22-76
47
48    <application
48-->src\main\AndroidManifest.xml:4:3-83
49        android:extractNativeLibs="true"
49-->[:unityLibrary] AndroidManifest.xml:38:18-50
50        android:icon="@mipmap/app_icon"
50-->src\main\AndroidManifest.xml:4:49-80
51        android:label="@string/app_name" >
51-->src\main\AndroidManifest.xml:4:16-48
52        <activity
52-->[:unityLibrary] AndroidManifest.xml:39:9-59:20
53            android:name="com.unity3d.player.UnityPlayerActivity"
53-->[:unityLibrary] AndroidManifest.xml:40:13-66
54            android:configChanges="mcc|mnc|locale|touchscreen|keyboard|keyboardHidden|navigation|orientation|screenLayout|uiMode|screenSize|smallestScreenSize|fontScale|layoutDirection|density"
54-->[:unityLibrary] AndroidManifest.xml:41:13-194
55            android:hardwareAccelerated="false"
55-->[:unityLibrary] AndroidManifest.xml:42:13-48
56            android:launchMode="singleTask"
56-->[:unityLibrary] AndroidManifest.xml:43:13-44
57            android:resizeableActivity="false"
57-->[:unityLibrary] AndroidManifest.xml:44:13-47
58            android:screenOrientation="fullUser"
58-->[:unityLibrary] AndroidManifest.xml:45:13-49
59            android:theme="@style/UnityThemeSelector" >
59-->[:unityLibrary] AndroidManifest.xml:46:13-54
60            <intent-filter>
60-->[:unityLibrary] AndroidManifest.xml:47:13-51:29
61                <action android:name="android.intent.action.MAIN" />
61-->[:unityLibrary] AndroidManifest.xml:48:17-69
61-->[:unityLibrary] AndroidManifest.xml:48:25-66
62
63                <category android:name="android.intent.category.LAUNCHER" />
63-->[:unityLibrary] AndroidManifest.xml:50:17-77
63-->[:unityLibrary] AndroidManifest.xml:50:27-74
64            </intent-filter>
65
66            <meta-data
66-->[:unityLibrary] AndroidManifest.xml:53:13-55:40
67                android:name="unityplayer.UnityActivity"
67-->[:unityLibrary] AndroidManifest.xml:54:17-57
68                android:value="true" />
68-->[:unityLibrary] AndroidManifest.xml:55:17-37
69            <meta-data
69-->[:unityLibrary] AndroidManifest.xml:56:13-58:40
70                android:name="android.notch_support"
70-->[:unityLibrary] AndroidManifest.xml:57:17-53
71                android:value="true" />
71-->[:unityLibrary] AndroidManifest.xml:58:17-37
72        </activity>
73
74        <meta-data
74-->[:unityLibrary] AndroidManifest.xml:61:9-63:33
75            android:name="unity.splash-mode"
75-->[:unityLibrary] AndroidManifest.xml:62:13-45
76            android:value="0" />
76-->[:unityLibrary] AndroidManifest.xml:63:13-30
77        <meta-data
77-->[:unityLibrary] AndroidManifest.xml:64:9-66:36
78            android:name="unity.splash-enable"
78-->[:unityLibrary] AndroidManifest.xml:65:13-47
79            android:value="True" />
79-->[:unityLibrary] AndroidManifest.xml:66:13-33
80        <meta-data
80-->[:unityLibrary] AndroidManifest.xml:67:9-69:36
81            android:name="unity.launch-fullscreen"
81-->[:unityLibrary] AndroidManifest.xml:68:13-51
82            android:value="True" />
82-->[:unityLibrary] AndroidManifest.xml:69:13-33
83        <meta-data
83-->[:unityLibrary] AndroidManifest.xml:70:9-72:37
84            android:name="unity.allow-resizable-window"
84-->[:unityLibrary] AndroidManifest.xml:71:13-56
85            android:value="False" />
85-->[:unityLibrary] AndroidManifest.xml:72:13-34
86        <meta-data
86-->[:unityLibrary] AndroidManifest.xml:73:9-75:50
87            android:name="notch.config"
87-->[:unityLibrary] AndroidManifest.xml:74:13-40
88            android:value="portrait|landscape" />
88-->[:unityLibrary] AndroidManifest.xml:75:13-47
89        <meta-data
89-->[:unityLibrary] AndroidManifest.xml:76:9-78:36
90            android:name="unity.auto-report-fully-drawn"
90-->[:unityLibrary] AndroidManifest.xml:77:13-57
91            android:value="true" />
91-->[:unityLibrary] AndroidManifest.xml:78:13-33
92        <meta-data
92-->[:unityLibrary] AndroidManifest.xml:79:9-81:40
93            android:name="com.google.ar.core"
93-->[:unityLibrary] AndroidManifest.xml:80:13-46
94            android:value="optional" /> <!-- The minimal version code of ARCore APK required for an app using this SDK. -->
94-->[:unityLibrary] AndroidManifest.xml:81:13-37
95        <meta-data
95-->[com.google.ar:core:1.18.0] AndroidManifest.xml:32:9-34:41
96            android:name="com.google.ar.core.min_apk_version"
96-->[com.google.ar:core:1.18.0] AndroidManifest.xml:33:13-62
97            android:value="200501000" /> <!-- This activity is critical for installing ARCore when it is not already present. -->
97-->[com.google.ar:core:1.18.0] AndroidManifest.xml:34:13-38
98        <activity
98-->[com.google.ar:core:1.18.0] AndroidManifest.xml:36:9-42:80
99            android:name="com.google.ar.core.InstallActivity"
99-->[com.google.ar:core:1.18.0] AndroidManifest.xml:37:13-62
100            android:configChanges="keyboardHidden|orientation|screenSize"
100-->[com.google.ar:core:1.18.0] AndroidManifest.xml:38:13-74
101            android:excludeFromRecents="true"
101-->[com.google.ar:core:1.18.0] AndroidManifest.xml:39:13-46
102            android:exported="false"
102-->[com.google.ar:core:1.18.0] AndroidManifest.xml:40:13-37
103            android:launchMode="singleTop"
103-->[com.google.ar:core:1.18.0] AndroidManifest.xml:41:13-43
104            android:theme="@android:style/Theme.Material.Light.Dialog.Alert" />
104-->[com.google.ar:core:1.18.0] AndroidManifest.xml:42:13-77
105    </application>
106
107</manifest>